c:\users\igbin\onedrive\cplusplus\nine_mens_morris\nine_mens_morris\x64\debug\vc143.pdb
c:\users\igbin\onedrive\cplusplus\nine_mens_morris\nine_mens_morris\x64\debug\vc143.idb
c:\users\igbin\onedrive\cplusplus\nine_mens_morris\nine_mens_morris\x64\debug\player.obj
c:\users\igbin\onedrive\cplusplus\nine_mens_morris\nine_mens_morris\x64\debug\piece.obj
c:\users\igbin\onedrive\cplusplus\nine_mens_morris\nine_mens_morris\x64\debug\main.obj
c:\users\igbin\onedrive\cplusplus\nine_mens_morris\nine_mens_morris\x64\debug\game.obj
c:\users\igbin\onedrive\cplusplus\nine_mens_morris\nine_mens_morris\x64\debug\field.obj
c:\users\igbin\onedrive\cplusplus\nine_mens_morris\nine_mens_morris\x64\debug\constants.obj
c:\users\igbin\onedrive\cplusplus\nine_mens_morris\nine_mens_morris\x64\debug\board.obj
c:\users\igbin\onedrive\cplusplus\nine_mens_morris\nine_mens_morris\x64\debug\gamehelper.obj
c:\users\igbin\onedrive\cplusplus\nine_mens_morris\x64\debug\nine_mens_morris.exe
c:\users\igbin\onedrive\cplusplus\nine_mens_morris\nine_mens_morris\x64\debug\nine_mens_morris.ilk
c:\users\igbin\onedrive\cplusplus\nine_mens_morris\x64\debug\nine_mens_morris.pdb
c:\users\igbin\onedrive\cplusplus\nine_mens_morris\nine_mens_morris\x64\debug\nine_mens_morris.tlog\cl.command.1.tlog
c:\users\igbin\onedrive\cplusplus\nine_mens_morris\nine_mens_morris\x64\debug\nine_mens_morris.tlog\cl.items.tlog
c:\users\igbin\onedrive\cplusplus\nine_mens_morris\nine_mens_morris\x64\debug\nine_mens_morris.tlog\cl.read.1.tlog
c:\users\igbin\onedrive\cplusplus\nine_mens_morris\nine_mens_morris\x64\debug\nine_mens_morris.tlog\cl.write.1.tlog
c:\users\igbin\onedrive\cplusplus\nine_mens_morris\nine_mens_morris\x64\debug\nine_mens_morris.tlog\link.command.1.tlog
c:\users\igbin\onedrive\cplusplus\nine_mens_morris\nine_mens_morris\x64\debug\nine_mens_morris.tlog\link.read.1.tlog
c:\users\igbin\onedrive\cplusplus\nine_mens_morris\nine_mens_morris\x64\debug\nine_mens_morris.tlog\link.write.1.tlog
